2025-04-24 18:01:07,487 - INFO - test1
2025-04-24 19:47:08,194 - INFO - insert a   
2025-04-24 19:47:43,880 - INFO - insert a   
2025-04-24 19:48:18,113 - INFO - insert a   
2025-04-24 19:49:21,332 - INFO - insert a   
2025-04-24 19:55:40,197 - INFO - insert a   
2025-04-24 19:56:18,747 - INFO - insert a   
2025-04-24 20:00:46,085 - INFO - insert a   
2025-04-24 20:00:46,210 - INFO - insert b  Ȳ 
2025-04-24 20:00:46,303 - INFO - insert c  Ȳ ز
2025-04-24 20:00:46,377 - INFO - insert d  Ȳ 
2025-04-24 20:00:46,444 - INFO - insert e 嵭  ز
2025-04-24 20:00:46,569 - INFO - insert f 嵭  
2025-04-24 20:00:46,668 - INFO - insert g 嵭 Ȳ ز
2025-04-24 20:00:46,752 - INFO - insert h 嵭 Ȳ 
2025-04-24 20:04:09,283 - INFO - insert a   
2025-04-24 20:04:09,400 - INFO - insert b  Ȳ 
2025-04-24 20:04:09,497 - INFO - insert c  Ȳ ز
2025-04-24 20:04:09,589 - INFO - insert d  Ȳ 
2025-04-24 20:04:09,690 - INFO - insert e 嵭  ز
2025-04-24 20:04:09,822 - INFO - insert f 嵭  
2025-04-24 20:04:09,930 - INFO - insert g 嵭 Ȳ ز
2025-04-24 20:04:10,055 - INFO - insert h 嵭 Ȳ 
2025-04-24 20:06:14,569 - INFO - insert a   
2025-04-24 20:06:14,699 - INFO - insert b  Ȳ 
2025-04-24 20:06:14,874 - INFO - insert c  Ȳ ز
2025-04-24 20:06:14,966 - INFO - insert d  Ȳ 
2025-04-24 20:06:15,082 - INFO - insert e 嵭  ز
2025-04-24 20:06:15,224 - INFO - insert f 嵭  
2025-04-24 20:06:15,344 - INFO - insert g 嵭 Ȳ ز
2025-04-24 20:06:15,423 - INFO - insert h 嵭 Ȳ 
2025-04-24 20:09:13,042 - INFO - 菜品名 a 已存在，跳过该菜品
2025-04-24 20:09:13,043 - INFO - 菜品名 b 已存在，跳过该菜品
2025-04-24 20:09:13,044 - INFO - 菜品名 c 已存在，跳过该菜品
2025-04-24 20:09:13,045 - INFO - 菜品名 d 已存在，跳过该菜品
2025-04-24 20:09:13,045 - INFO - 菜品名 e 已存在，跳过该菜品
2025-04-24 20:09:13,046 - INFO - 菜品名 f 已存在，跳过该菜品
2025-04-24 20:09:13,047 - INFO - 菜品名 g 已存在，跳过该菜品
2025-04-24 20:09:13,047 - INFO - 菜品名 h 已存在，跳过该菜品
2025-04-24 20:09:29,635 - WARNING - 菜品名 a 已存在，跳过该菜品
2025-04-24 20:09:29,636 - WARNING - 菜品名 b 已存在，跳过该菜品
2025-04-24 20:09:29,637 - WARNING - 菜品名 c 已存在，跳过该菜品
2025-04-24 20:09:29,638 - WARNING - 菜品名 d 已存在，跳过该菜品
2025-04-24 20:09:29,638 - WARNING - 菜品名 e 已存在，跳过该菜品
2025-04-24 20:09:29,639 - WARNING - 菜品名 f 已存在，跳过该菜品
2025-04-24 20:09:29,640 - WARNING - 菜品名 g 已存在，跳过该菜品
2025-04-24 20:09:29,640 - WARNING - 菜品名 h 已存在，跳过该菜品
2025-04-24 20:10:06,717 - WARNING - 菜品名 a 已存在，跳过该菜品
2025-04-24 20:10:06,719 - WARNING - 菜品名 b 已存在，跳过该菜品
2025-04-24 20:10:06,721 - WARNING - 菜品名 c 已存在，跳过该菜品
2025-04-24 20:10:06,722 - WARNING - 菜品名 d 已存在，跳过该菜品
2025-04-24 20:10:06,723 - WARNING - 菜品名 e 已存在，跳过该菜品
2025-04-24 20:10:06,725 - WARNING - 菜品名 f 已存在，跳过该菜品
2025-04-24 20:10:06,726 - WARNING - 菜品名 g 已存在，跳过该菜品
2025-04-24 20:10:06,728 - WARNING - 菜品名 h 已存在，跳过该菜品
2025-04-25 02:27:20,724 - INFO - 提取数据中... is_summer: False
2025-04-25 02:27:43,434 - INFO - 提取数据中... is_summer: False
2025-04-25 02:56:35,065 - INFO - 提取数据中... is_summer: False
